Determining if the Q_WS_WIN exist failed with the following output:
Change Dir: /home/shinji/Documents/MASTER TI/ISI/TP 3/built/CMakeFiles/CMakeTmp

Run Build Command:"/usr/bin/make" "cmTC_5ca30/fast"
/usr/bin/make -f CMakeFiles/cmTC_5ca30.dir/build.make CMakeFiles/cmTC_5ca30.dir/build
make[1] : on entre dans le répertoire « /home/shinji/Documents/MASTER TI/ISI/TP 3/built/CMakeFiles/CMakeTmp »
Building CXX object CMakeFiles/cmTC_5ca30.dir/CheckSymbolExists.cxx.o
/usr/bin/c++    -I/usr/include/qt4   -o CMakeFiles/cmTC_5ca30.dir/CheckSymbolExists.cxx.o -c "/home/shinji/Documents/MASTER TI/ISI/TP 3/built/CMakeFiles/CMakeTmp/CheckSymbolExists.cxx"
/home/shinji/Documents/MASTER TI/ISI/TP 3/built/CMakeFiles/CMakeTmp/CheckSymbolExists.cxx: In function ‘int main(int, char**)’:
/home/shinji/Documents/MASTER TI/ISI/TP 3/built/CMakeFiles/CMakeTmp/CheckSymbolExists.cxx:8:19: error: ‘Q_WS_WIN’ was not declared in this scope
   return ((int*)(&Q_WS_WIN))[argc];
                   ^
CMakeFiles/cmTC_5ca30.dir/build.make:65 : la recette pour la cible « CMakeFiles/cmTC_5ca30.dir/CheckSymbolExists.cxx.o » a échouée
make[1]: *** [CMakeFiles/cmTC_5ca30.dir/CheckSymbolExists.cxx.o] Erreur 1
make[1] : on quitte le répertoire « /home/shinji/Documents/MASTER TI/ISI/TP 3/built/CMakeFiles/CMakeTmp »
Makefile:126 : la recette pour la cible « cmTC_5ca30/fast » a échouée
make: *** [cmTC_5ca30/fast] Erreur 2

File /home/shinji/Documents/MASTER TI/ISI/TP 3/built/CMakeFiles/CMakeTmp/CheckSymbolExists.cxx:
/* */
#include <QtCore/qglobal.h>

int main(int argc, char** argv)
{
  (void)argv;
#ifndef Q_WS_WIN
  return ((int*)(&Q_WS_WIN))[argc];
#else
  (void)argc;
  return 0;
#endif
}

Determining if the Q_WS_QWS exist failed with the following output:
Change Dir: /home/shinji/Documents/MASTER TI/ISI/TP 3/built/CMakeFiles/CMakeTmp

Run Build Command:"/usr/bin/make" "cmTC_899b9/fast"
/usr/bin/make -f CMakeFiles/cmTC_899b9.dir/build.make CMakeFiles/cmTC_899b9.dir/build
make[1] : on entre dans le répertoire « /home/shinji/Documents/MASTER TI/ISI/TP 3/built/CMakeFiles/CMakeTmp »
Building CXX object CMakeFiles/cmTC_899b9.dir/CheckSymbolExists.cxx.o
/usr/bin/c++    -I/usr/include/qt4   -o CMakeFiles/cmTC_899b9.dir/CheckSymbolExists.cxx.o -c "/home/shinji/Documents/MASTER TI/ISI/TP 3/built/CMakeFiles/CMakeTmp/CheckSymbolExists.cxx"
/home/shinji/Documents/MASTER TI/ISI/TP 3/built/CMakeFiles/CMakeTmp/CheckSymbolExists.cxx: In function ‘int main(int, char**)’:
/home/shinji/Documents/MASTER TI/ISI/TP 3/built/CMakeFiles/CMakeTmp/CheckSymbolExists.cxx:8:19: error: ‘Q_WS_QWS’ was not declared in this scope
   return ((int*)(&Q_WS_QWS))[argc];
                   ^
CMakeFiles/cmTC_899b9.dir/build.make:65 : la recette pour la cible « CMakeFiles/cmTC_899b9.dir/CheckSymbolExists.cxx.o » a échouée
make[1]: *** [CMakeFiles/cmTC_899b9.dir/CheckSymbolExists.cxx.o] Erreur 1
make[1] : on quitte le répertoire « /home/shinji/Documents/MASTER TI/ISI/TP 3/built/CMakeFiles/CMakeTmp »
Makefile:126 : la recette pour la cible « cmTC_899b9/fast » a échouée
make: *** [cmTC_899b9/fast] Erreur 2

File /home/shinji/Documents/MASTER TI/ISI/TP 3/built/CMakeFiles/CMakeTmp/CheckSymbolExists.cxx:
/* */
#include <QtCore/qglobal.h>

int main(int argc, char** argv)
{
  (void)argv;
#ifndef Q_WS_QWS
  return ((int*)(&Q_WS_QWS))[argc];
#else
  (void)argc;
  return 0;
#endif
}

Determining if the Q_WS_MAC exist failed with the following output:
Change Dir: /home/shinji/Documents/MASTER TI/ISI/TP 3/built/CMakeFiles/CMakeTmp

Run Build Command:"/usr/bin/make" "cmTC_96b11/fast"
/usr/bin/make -f CMakeFiles/cmTC_96b11.dir/build.make CMakeFiles/cmTC_96b11.dir/build
make[1] : on entre dans le répertoire « /home/shinji/Documents/MASTER TI/ISI/TP 3/built/CMakeFiles/CMakeTmp »
Building CXX object CMakeFiles/cmTC_96b11.dir/CheckSymbolExists.cxx.o
/usr/bin/c++    -I/usr/include/qt4   -o CMakeFiles/cmTC_96b11.dir/CheckSymbolExists.cxx.o -c "/home/shinji/Documents/MASTER TI/ISI/TP 3/built/CMakeFiles/CMakeTmp/CheckSymbolExists.cxx"
/home/shinji/Documents/MASTER TI/ISI/TP 3/built/CMakeFiles/CMakeTmp/CheckSymbolExists.cxx: In function ‘int main(int, char**)’:
/home/shinji/Documents/MASTER TI/ISI/TP 3/built/CMakeFiles/CMakeTmp/CheckSymbolExists.cxx:8:19: error: ‘Q_WS_MAC’ was not declared in this scope
   return ((int*)(&Q_WS_MAC))[argc];
                   ^
CMakeFiles/cmTC_96b11.dir/build.make:65 : la recette pour la cible « CMakeFiles/cmTC_96b11.dir/CheckSymbolExists.cxx.o » a échouée
make[1]: *** [CMakeFiles/cmTC_96b11.dir/CheckSymbolExists.cxx.o] Erreur 1
make[1] : on quitte le répertoire « /home/shinji/Documents/MASTER TI/ISI/TP 3/built/CMakeFiles/CMakeTmp »
Makefile:126 : la recette pour la cible « cmTC_96b11/fast » a échouée
make: *** [cmTC_96b11/fast] Erreur 2

File /home/shinji/Documents/MASTER TI/ISI/TP 3/built/CMakeFiles/CMakeTmp/CheckSymbolExists.cxx:
/* */
#include <QtCore/qglobal.h>

int main(int argc, char** argv)
{
  (void)argv;
#ifndef Q_WS_MAC
  return ((int*)(&Q_WS_MAC))[argc];
#else
  (void)argc;
  return 0;
#endif
}

