Determining if the Q_WS_WIN exist failed with the following output:
Change Dir: /import/etud/47/seawadi/Bureau/stockage/M1TI/ISI/TP3/build-isiviewer_glut-Desktop-Default/CMakeFiles/CMakeTmp

Run Build Command:/usr/bin/make "cmTryCompileExec3686496640/fast"
/usr/bin/make -f CMakeFiles/cmTryCompileExec3686496640.dir/build.make CMakeFiles/cmTryCompileExec3686496640.dir/build
make[1]: entrant dans le répertoire « /import/etud/47/seawadi/Bureau/stockage/M1TI/ISI/TP3/build-isiviewer_glut-Desktop-Default/CMakeFiles/CMakeTmp »
/usr/bin/cmake -E cmake_progress_report /import/etud/47/seawadi/Bureau/stockage/M1TI/ISI/TP3/build-isiviewer_glut-Desktop-Default/CMakeFiles/CMakeTmp/CMakeFiles 1
Building CXX object CMakeFiles/cmTryCompileExec3686496640.dir/CheckSymbolExists.cxx.o
/usr/bin/c++    -I/usr/include/qt4    -o CMakeFiles/cmTryCompileExec3686496640.dir/CheckSymbolExists.cxx.o -c /import/etud/47/seawadi/Bureau/stockage/M1TI/ISI/TP3/build-isiviewer_glut-Desktop-Default/CMakeFiles/CMakeTmp/CheckSymbolExists.cxx
/import/etud/47/seawadi/Bureau/stockage/M1TI/ISI/TP3/build-isiviewer_glut-Desktop-Default/CMakeFiles/CMakeTmp/CheckSymbolExists.cxx: In function ‘int main(int, char**)’:
/import/etud/47/seawadi/Bureau/stockage/M1TI/ISI/TP3/build-isiviewer_glut-Desktop-Default/CMakeFiles/CMakeTmp/CheckSymbolExists.cxx:8:19: error: ‘Q_WS_WIN’ was not declared in this scope
   return ((int*)(&Q_WS_WIN))[argc];
                   ^
make[1]: *** [CMakeFiles/cmTryCompileExec3686496640.dir/CheckSymbolExists.cxx.o] Erreur 1
make[1]: quittant le répertoire « /import/etud/47/seawadi/Bureau/stockage/M1TI/ISI/TP3/build-isiviewer_glut-Desktop-Default/CMakeFiles/CMakeTmp »
make: *** [cmTryCompileExec3686496640/fast] Erreur 2

File /import/etud/47/seawadi/Bureau/stockage/M1TI/ISI/TP3/build-isiviewer_glut-Desktop-Default/CMakeFiles/CMakeTmp/CheckSymbolExists.cxx:
/* */
#include <QtCore/qglobal.h>

int main(int argc, char** argv)
{
  (void)argv;
#ifndef Q_WS_WIN
  return ((int*)(&Q_WS_WIN))[argc];
#else
  (void)argc;
  return 0;
#endif
}

Determining if the Q_WS_QWS exist failed with the following output:
Change Dir: /import/etud/47/seawadi/Bureau/stockage/M1TI/ISI/TP3/build-isiviewer_glut-Desktop-Default/CMakeFiles/CMakeTmp

Run Build Command:/usr/bin/make "cmTryCompileExec1493167335/fast"
/usr/bin/make -f CMakeFiles/cmTryCompileExec1493167335.dir/build.make CMakeFiles/cmTryCompileExec1493167335.dir/build
make[1]: entrant dans le répertoire « /import/etud/47/seawadi/Bureau/stockage/M1TI/ISI/TP3/build-isiviewer_glut-Desktop-Default/CMakeFiles/CMakeTmp »
/usr/bin/cmake -E cmake_progress_report /import/etud/47/seawadi/Bureau/stockage/M1TI/ISI/TP3/build-isiviewer_glut-Desktop-Default/CMakeFiles/CMakeTmp/CMakeFiles 1
Building CXX object CMakeFiles/cmTryCompileExec1493167335.dir/CheckSymbolExists.cxx.o
/usr/bin/c++    -I/usr/include/qt4    -o CMakeFiles/cmTryCompileExec1493167335.dir/CheckSymbolExists.cxx.o -c /import/etud/47/seawadi/Bureau/stockage/M1TI/ISI/TP3/build-isiviewer_glut-Desktop-Default/CMakeFiles/CMakeTmp/CheckSymbolExists.cxx
/import/etud/47/seawadi/Bureau/stockage/M1TI/ISI/TP3/build-isiviewer_glut-Desktop-Default/CMakeFiles/CMakeTmp/CheckSymbolExists.cxx: In function ‘int main(int, char**)’:
/import/etud/47/seawadi/Bureau/stockage/M1TI/ISI/TP3/build-isiviewer_glut-Desktop-Default/CMakeFiles/CMakeTmp/CheckSymbolExists.cxx:8:19: error: ‘Q_WS_QWS’ was not declared in this scope
   return ((int*)(&Q_WS_QWS))[argc];
                   ^
make[1]: *** [CMakeFiles/cmTryCompileExec1493167335.dir/CheckSymbolExists.cxx.o] Erreur 1
make[1]: quittant le répertoire « /import/etud/47/seawadi/Bureau/stockage/M1TI/ISI/TP3/build-isiviewer_glut-Desktop-Default/CMakeFiles/CMakeTmp »
make: *** [cmTryCompileExec1493167335/fast] Erreur 2

File /import/etud/47/seawadi/Bureau/stockage/M1TI/ISI/TP3/build-isiviewer_glut-Desktop-Default/CMakeFiles/CMakeTmp/CheckSymbolExists.cxx:
/* */
#include <QtCore/qglobal.h>

int main(int argc, char** argv)
{
  (void)argv;
#ifndef Q_WS_QWS
  return ((int*)(&Q_WS_QWS))[argc];
#else
  (void)argc;
  return 0;
#endif
}

Determining if the Q_WS_MAC exist failed with the following output:
Change Dir: /import/etud/47/seawadi/Bureau/stockage/M1TI/ISI/TP3/build-isiviewer_glut-Desktop-Default/CMakeFiles/CMakeTmp

Run Build Command:/usr/bin/make "cmTryCompileExec2656977771/fast"
/usr/bin/make -f CMakeFiles/cmTryCompileExec2656977771.dir/build.make CMakeFiles/cmTryCompileExec2656977771.dir/build
make[1]: entrant dans le répertoire « /import/etud/47/seawadi/Bureau/stockage/M1TI/ISI/TP3/build-isiviewer_glut-Desktop-Default/CMakeFiles/CMakeTmp »
/usr/bin/cmake -E cmake_progress_report /import/etud/47/seawadi/Bureau/stockage/M1TI/ISI/TP3/build-isiviewer_glut-Desktop-Default/CMakeFiles/CMakeTmp/CMakeFiles 1
Building CXX object CMakeFiles/cmTryCompileExec2656977771.dir/CheckSymbolExists.cxx.o
/usr/bin/c++    -I/usr/include/qt4    -o CMakeFiles/cmTryCompileExec2656977771.dir/CheckSymbolExists.cxx.o -c /import/etud/47/seawadi/Bureau/stockage/M1TI/ISI/TP3/build-isiviewer_glut-Desktop-Default/CMakeFiles/CMakeTmp/CheckSymbolExists.cxx
/import/etud/47/seawadi/Bureau/stockage/M1TI/ISI/TP3/build-isiviewer_glut-Desktop-Default/CMakeFiles/CMakeTmp/CheckSymbolExists.cxx: In function ‘int main(int, char**)’:
/import/etud/47/seawadi/Bureau/stockage/M1TI/ISI/TP3/build-isiviewer_glut-Desktop-Default/CMakeFiles/CMakeTmp/CheckSymbolExists.cxx:8:19: error: ‘Q_WS_MAC’ was not declared in this scope
   return ((int*)(&Q_WS_MAC))[argc];
                   ^
make[1]: *** [CMakeFiles/cmTryCompileExec2656977771.dir/CheckSymbolExists.cxx.o] Erreur 1
make[1]: quittant le répertoire « /import/etud/47/seawadi/Bureau/stockage/M1TI/ISI/TP3/build-isiviewer_glut-Desktop-Default/CMakeFiles/CMakeTmp »
make: *** [cmTryCompileExec2656977771/fast] Erreur 2

File /import/etud/47/seawadi/Bureau/stockage/M1TI/ISI/TP3/build-isiviewer_glut-Desktop-Default/CMakeFiles/CMakeTmp/CheckSymbolExists.cxx:
/* */
#include <QtCore/qglobal.h>

int main(int argc, char** argv)
{
  (void)argv;
#ifndef Q_WS_MAC
  return ((int*)(&Q_WS_MAC))[argc];
#else
  (void)argc;
  return 0;
#endif
}

